2017-02-05 04:48:05,206 INFO  DownloadService - Downloading "https://github.com/pankaj89/SimplerRecyclerViewAdapter/archive/master.zip", attempt 3
2017-02-05 04:48:05,668 INFO  DownloadService - Downloaded https://github.com/pankaj89/SimplerRecyclerViewAdapter/archive/master.zip, attempt 3
2017-02-05 04:48:05,669 INFO  ArchiveUtils - Checking entries [.gradle] in ZIP file...
2017-02-05 04:48:05,671 INFO  ArchiveUtils - Has entries [.gradle] in ZIP file /var/folders/3k/mymj0cx15f9c3m0kv4gch66h0000gn/T/1486248485201-0/master.zip: true
2017-02-05 04:48:05,671 DEBUG ZipUtil - Extracting '/var/folders/3k/mymj0cx15f9c3m0kv4gch66h0000gn/T/1486248485201-0/master.zip' into '/var/folders/3k/mymj0cx15f9c3m0kv4gch66h0000gn/T/1486248485201-0/src'.
2017-02-05 04:48:05,700 INFO  FullProcessService - Size of directory with sources: 115 KB
2017-02-05 04:48:05,700 INFO  SysUtils - Execute command: [git, init, /var/folders/3k/mymj0cx15f9c3m0kv4gch66h0000gn/T/1486248485201-0/src]
2017-02-05 04:48:05,720 INFO  SysUtils - Initialized empty Git repository in /private/var/folders/3k/mymj0cx15f9c3m0kv4gch66h0000gn/T/1486248485201-0/src/.git/

2017-02-05 04:48:05,727 INFO  ProjectBuildService - Gradle wrapper(s): /var/folders/3k/mymj0cx15f9c3m0kv4gch66h0000gn/T/1486248485201-0/src/SimplerRecyclerViewAdapter-master/gradlew
2017-02-05 04:48:05,734 INFO  ProjectBuildService - Build script(s): /var/folders/3k/mymj0cx15f9c3m0kv4gch66h0000gn/T/1486248485201-0/src/SimplerRecyclerViewAdapter-master/app/build.gradle /var/folders/3k/mymj0cx15f9c3m0kv4gch66h0000gn/T/1486248485201-0/src/SimplerRecyclerViewAdapter-master/simpler-recycler-view-adapter/build.gradle /var/folders/3k/mymj0cx15f9c3m0kv4gch66h0000gn/T/1486248485201-0/src/SimplerRecyclerViewAdapter-master/build.gradle
2017-02-05 04:48:05,740 INFO  ProjectBuildService - All script(s): /var/folders/3k/mymj0cx15f9c3m0kv4gch66h0000gn/T/1486248485201-0/src/SimplerRecyclerViewAdapter-master/app/build.gradle /var/folders/3k/mymj0cx15f9c3m0kv4gch66h0000gn/T/1486248485201-0/src/SimplerRecyclerViewAdapter-master/build.gradle /var/folders/3k/mymj0cx15f9c3m0kv4gch66h0000gn/T/1486248485201-0/src/SimplerRecyclerViewAdapter-master/settings.gradle /var/folders/3k/mymj0cx15f9c3m0kv4gch66h0000gn/T/1486248485201-0/src/SimplerRecyclerViewAdapter-master/simpler-recycler-view-adapter/build.gradle
2017-02-05 04:48:05,755 INFO  DownloadService - Downloading "https://raw.githubusercontent.com/blundell/release-android-library/master/android-release-aar.gradle", attempt 3
2017-02-05 04:48:09,240 INFO  DownloadService - Downloaded https://raw.githubusercontent.com/blundell/release-android-library/master/android-release-aar.gradle, attempt 3
2017-02-05 04:48:09,242 INFO  ProjectBuildService - Remote scripts: https://raw.githubusercontent.com/blundell/release-android-library/master/android-release-aar.gradle
2017-02-05 04:48:09,242 INFO  ProjectFixService - Fixing project...
2017-02-05 04:48:09,272 INFO  LocalPropertiesFixService - Created fake /var/folders/3k/mymj0cx15f9c3m0kv4gch66h0000gn/T/1486248485201-0/src/SimplerRecyclerViewAdapter-master/app/local.properties
2017-02-05 04:48:09,274 INFO  ProjectFixService - Build info for "/var/folders/3k/mymj0cx15f9c3m0kv4gch66h0000gn/T/1486248485201-0/src/SimplerRecyclerViewAdapter-master/app/build.gradle": [buildToolsVersion=25.0.2,compileSdkVersion=25,minSdkVersion=15,targetSdkVersion=25]
2017-02-05 04:48:09,275 INFO  LocalPropertiesFixService - Created fake /var/folders/3k/mymj0cx15f9c3m0kv4gch66h0000gn/T/1486248485201-0/src/SimplerRecyclerViewAdapter-master/simpler-recycler-view-adapter/local.properties
2017-02-05 04:48:09,281 INFO  ProjectFixService - Build info for "/var/folders/3k/mymj0cx15f9c3m0kv4gch66h0000gn/T/1486248485201-0/src/SimplerRecyclerViewAdapter-master/simpler-recycler-view-adapter/build.gradle": [buildToolsVersion=25.0.2,compileSdkVersion=25,minSdkVersion=15,targetSdkVersion=25]
2017-02-05 04:48:09,283 INFO  LocalPropertiesFixService - Created fake /var/folders/3k/mymj0cx15f9c3m0kv4gch66h0000gn/T/1486248485201-0/src/SimplerRecyclerViewAdapter-master/local.properties
2017-02-05 04:48:09,291 INFO  WrapperPropertiesFixService - Gradle wrapper: https://services.gradle.org/distributions/gradle-2.14.1-all.zip
2017-02-05 04:48:09,292 INFO  WrapperPropertiesFixService - Gradle wrapper was changed from "-all.zip" to "-bin.zip" (https://services.gradle.org/distributions/gradle-2.14.1-bin.zip)
2017-02-05 04:48:09,294 INFO  ProjectFixService - Build info for "/var/folders/3k/mymj0cx15f9c3m0kv4gch66h0000gn/T/1486248485201-0/src/SimplerRecyclerViewAdapter-master/build.gradle": [buildToolsVersion=25.0.2,compileSdkVersion=25,minSdkVersion=15,targetSdkVersion=25]
2017-02-05 04:48:09,295 INFO  ProjectFixService - Project was maybe fixed
2017-02-05 04:48:09,295 INFO  ProjectTaskService - Detecting possible tasks...
2017-02-05 04:48:09,296 INFO  SysUtils - Execute command: [/var/folders/3k/mymj0cx15f9c3m0kv4gch66h0000gn/T/1486248485201-0/src/SimplerRecyclerViewAdapter-master/gradlew, -b, /var/folders/3k/mymj0cx15f9c3m0kv4gch66h0000gn/T/1486248485201-0/src/SimplerRecyclerViewAdapter-master/app/build.gradle, tasks]
2017-02-05 04:48:26,137 INFO  ProjectTaskService - Detected possible tasks: 74
2017-02-05 04:48:26,138 INFO  ProjectTaskService - Excluded tasks (22): lintDebug mockableAndroidJar androidJavadocs deviceCheck lint androidSourcesJar testReleaseUnitTest uninstallRelease deviceAndroidTest uninstallDebugAndroidTest installDebugAndroidTest connectedCheck connectedDebugAndroidTest uninstallAll androidJavadocsJar test check testDebugUnitTest connectedAndroidTest installDebug lintRelease uninstallDebug
2017-02-05 04:48:26,138 INFO  SysUtils - Execute command: [/var/folders/3k/mymj0cx15f9c3m0kv4gch66h0000gn/T/1486248485201-0/src/SimplerRecyclerViewAdapter-master/gradlew, -b, /var/folders/3k/mymj0cx15f9c3m0kv4gch66h0000gn/T/1486248485201-0/src/SimplerRecyclerViewAdapter-master/app/build.gradle, --stacktrace, -x, lintDebug, -x, mockableAndroidJar, -x, androidJavadocs, -x, deviceCheck, -x, lint, -x, androidSourcesJar, -x, testReleaseUnitTest, -x, uninstallRelease, -x, deviceAndroidTest, -x, uninstallDebugAndroidTest, -x, installDebugAndroidTest, -x, connectedCheck, -x, connectedDebugAndroidTest, -x, uninstallAll, -x, androidJavadocsJar, -x, test, -x, check, -x, testDebugUnitTest, -x, connectedAndroidTest, -x, installDebug, -x, lintRelease, -x, uninstallDebug, build]
2017-02-05 04:48:41,447 ERROR SysUtils - Could not process external command
org.apache.commons.exec.ExecuteException: Process exited with an error: 1 (Exit value: 1)
	at org.apache.commons.exec.DefaultExecutor.executeInternal(DefaultExecutor.java:404)
	at org.apache.commons.exec.DefaultExecutor.execute(DefaultExecutor.java:166)
	at com.github.vbauer.apkmaster.util.SysUtils.execute(SysUtils.java:72)
	at com.github.vbauer.apkmaster.util.SysUtils.executeSimple(SysUtils.java:46)
	at com.github.vbauer.apkmaster.service.assembly.ProjectBuildService.buildProject(ProjectBuildService.java:78)
	at com.github.vbauer.apkmaster.service.assembly.ProjectBuildService.buildProject(ProjectBuildService.java:64)
	at com.github.vbauer.apkmaster.service.assembly.ProjectBuildService.buildProject(ProjectBuildService.java:43)
	at com.github.vbauer.apkmaster.service.FullProcessService.build(FullProcessService.java:77)
	at com.github.vbauer.apkmaster.service.FullProcessService.process(FullProcessService.java:33)
	at com.github.vbauer.apkmaster.app.MainApplication.process(MainApplication.java:38)
	at com.github.vbauer.apkmaster.app.MainApplication.main(MainApplication.java:20)
	at sun.reflect.NativeMethodAccessorImpl.invoke0(Native Method)
	at sun.reflect.NativeMethodAccessorImpl.invoke(NativeMethodAccessorImpl.java:62)
	at sun.reflect.DelegatingMethodAccessorImpl.invoke(DelegatingMethodAccessorImpl.java:43)
	at java.lang.reflect.Method.invoke(Method.java:497)
	at com.android.arsenal.util.ReflectionUtils.invoke(ReflectionUtils.java:42)
	at com.android.arsenal.util.ApkMasterUtils.main(ApkMasterUtils.java:30)
	at com.android.arsenal.service.processor.impl.BuildProcessorServiceImpl.buildProject(BuildProcessorServiceImpl.java:200)
	at com.android.arsenal.service.processor.impl.BuildProcessorServiceImpl.build(BuildProcessorServiceImpl.java:127)
	at com.android.arsenal.service.processor.impl.BuildProcessorServiceImpl.lambda$null$23(BuildProcessorServiceImpl.java:110)
	at java.util.concurrent.FutureTask.run(FutureTask.java:266)
	at java.util.concurrent.Executors$RunnableAdapter.call(Executors.java:511)
	at java.util.concurrent.FutureTask.run(FutureTask.java:266)
	at java.util.concurrent.ThreadPoolExecutor.runWorker(ThreadPoolExecutor.java:1142)
	at java.util.concurrent.ThreadPoolExecutor$Worker.run(ThreadPoolExecutor.java:617)
	at java.lang.Thread.run(Thread.java:745)
2017-02-05 04:48:41,448 INFO  SysUtils - Incremental java compilation is an incubating feature.

FAILURE: Build failed with an exception.

* What went wrong:
Task 'androidJavadocs' not found in project ':app'.

* Try:
Run gradlew tasks to get a list of available tasks. Run with --info or --debug option to get more log output.

* Exception is:
org.gradle.execution.TaskSelectionException: Task 'androidJavadocs' not found in project ':app'.
	at org.gradle.execution.TaskSelector.getSelection(TaskSelector.java:100)
	at org.gradle.execution.TaskSelector.getFilter(TaskSelector.java:63)
	at org.gradle.execution.ExcludedTaskFilteringBuildConfigurationAction.configure(ExcludedTaskFilteringBuildConfigurationAction.java:42)
	at org.gradle.execution.DefaultBuildConfigurationActionExecuter.configure(DefaultBuildConfigurationActionExecuter.java:48)
	at org.gradle.execution.DefaultBuildConfigurationActionExecuter.select(DefaultBuildConfigurationActionExecuter.java:36)
	at org.gradle.initialization.DefaultGradleLauncher$3.run(DefaultGradleLauncher.java:142)
	at org.gradle.internal.Factories$1.create(Factories.java:22)
	at org.gradle.internal.progress.DefaultBuildOperationExecutor.run(DefaultBuildOperationExecutor.java:91)
	at org.gradle.internal.progress.DefaultBuildOperationExecutor.run(DefaultBuildOperationExecutor.java:53)
	at org.gradle.initialization.DefaultGradleLauncher.doBuildStages(DefaultGradleLauncher.java:139)
	at org.gradle.initialization.DefaultGradleLauncher.access$200(DefaultGradleLauncher.java:32)
	at org.gradle.initialization.DefaultGradleLauncher$1.create(DefaultGradleLauncher.java:98)
	at org.gradle.initialization.DefaultGradleLauncher$1.create(DefaultGradleLauncher.java:92)
	at org.gradle.internal.progress.DefaultBuildOperationExecutor.run(DefaultBuildOperationExecutor.java:91)
	at org.gradle.internal.progress.DefaultBuildOperationExecutor.run(DefaultBuildOperationExecutor.java:63)
	at org.gradle.initialization.DefaultGradleLauncher.doBuild(DefaultGradleLauncher.java:92)
	at org.gradle.initialization.DefaultGradleLauncher.run(DefaultGradleLauncher.java:83)
	at org.gradle.launcher.exec.InProcessBuildActionExecuter$DefaultBuildController.run(InProcessBuildActionExecuter.java:99)
	at org.gradle.tooling.internal.provider.ExecuteBuildActionRunner.run(ExecuteBuildActionRunner.java:28)
	at org.gradle.launcher.exec.ChainingBuildActionRunner.run(ChainingBuildActionRunner.java:35)
	at org.gradle.launcher.exec.InProcessBuildActionExecuter.execute(InProcessBuildActionExecuter.java:48)
	at org.gradle.launcher.exec.InProcessBuildActionExecuter.execute(InProcessBuildActionExecuter.java:30)
	at org.gradle.launcher.exec.ContinuousBuildActionExecuter.execute(ContinuousBuildActionExecuter.java:81)
	at org.gradle.launcher.exec.ContinuousBuildActionExecuter.execute(ContinuousBuildActionExecuter.java:46)
	at org.gradle.launcher.exec.DaemonUsageSuggestingBuildActionExecuter.execute(DaemonUsageSuggestingBuildActionExecuter.java:51)
	at org.gradle.launcher.exec.DaemonUsageSuggestingBuildActionExecuter.execute(DaemonUsageSuggestingBuildActionExecuter.java:28)
	at org.gradle.launcher.cli.RunBuildAction.run(RunBuildAction.java:43)
	at org.gradle.internal.Actions$RunnableActionAdapter.execute(Actions.java:173)
	at org.gradle.launcher.cli.CommandLineActionFactory$ParseAndBuildAction.execute(CommandLineActionFactory.java:239)
	at org.gradle.launcher.cli.CommandLineActionFactory$ParseAndBuildAction.execute(CommandLineActionFactory.java:212)
	at org.gradle.launcher.cli.JavaRuntimeValidationAction.execute(JavaRuntimeValidationAction.java:35)
	at org.gradle.launcher.cli.JavaRuntimeValidationAction.execute(JavaRuntimeValidationAction.java:24)
	at org.gradle.launcher.cli.ExceptionReportingAction.execute(ExceptionReportingAction.java:33)
	at org.gradle.launcher.cli.ExceptionReportingAction.execute(ExceptionReportingAction.java:22)
	at org.gradle.launcher.cli.CommandLineActionFactory$WithLogging.execute(CommandLineActionFactory.java:205)
	at org.gradle.launcher.cli.CommandLineActionFactory$WithLogging.execute(CommandLineActionFactory.java:169)
	at org.gradle.launcher.Main.doAction(Main.java:33)
	at org.gradle.launcher.bootstrap.EntryPoint.run(EntryPoint.java:45)
	at org.gradle.launcher.bootstrap.ProcessBootstrap.runNoExit(ProcessBootstrap.java:55)
	at org.gradle.launcher.bootstrap.ProcessBootstrap.run(ProcessBootstrap.java:36)
	at org.gradle.launcher.GradleMain.main(GradleMain.java:23)
	at org.gradle.wrapper.BootstrapMainStarter.start(BootstrapMainStarter.java:30)
	at org.gradle.wrapper.WrapperExecutor.execute(WrapperExecutor.java:129)
	at org.gradle.wrapper.GradleWrapperMain.main(GradleWrapperMain.java:61)


BUILD FAILED

Total time: 14.538 secs

2017-02-05 04:48:41,448 ERROR ProjectBuildService - Excluded tasks were detected wrong
2017-02-05 04:48:41,448 INFO  SysUtils - Execute command: [/var/folders/3k/mymj0cx15f9c3m0kv4gch66h0000gn/T/1486248485201-0/src/SimplerRecyclerViewAdapter-master/gradlew, -b, /var/folders/3k/mymj0cx15f9c3m0kv4gch66h0000gn/T/1486248485201-0/src/SimplerRecyclerViewAdapter-master/app/build.gradle, --stacktrace, build]
2017-02-05 04:50:03,661 INFO  SysUtils - Incremental java compilation is an incubating feature.
:app:preBuild UP-TO-DATE
:app:preDebugBuild UP-TO-DATE
:app:checkDebugManifest
:app:preReleaseBuild UP-TO-DATE
:simpler-recycler-view-adapter:preBuild UP-TO-DATE
:simpler-recycler-view-adapter:preReleaseBuild UP-TO-DATE
:simpler-recycler-view-adapter:checkReleaseManifest
:simpler-recycler-view-adapter:preDebugAndroidTestBuild UP-TO-DATE
:simpler-recycler-view-adapter:preDebugBuild UP-TO-DATE
:simpler-recycler-view-adapter:preDebugUnitTestBuild UP-TO-DATE
:simpler-recycler-view-adapter:preReleaseUnitTestBuild UP-TO-DATE
:simpler-recycler-view-adapter:prepareComAndroidSupportAnimatedVectorDrawable2511Library
:simpler-recycler-view-adapter:prepareComAndroidSupportAppcompatV72511Library
:simpler-recycler-view-adapter:prepareComAndroidSupportDesign2510Library
:simpler-recycler-view-adapter:prepareComAndroidSupportRecyclerviewV72510Library
:simpler-recycler-view-adapter:prepareComAndroidSupportSupportCompat2511Library
:simpler-recycler-view-adapter:prepareComAndroidSupportSupportCoreUi2511Library
:simpler-recycler-view-adapter:prepareComAndroidSupportSupportCoreUtils2511Library
:simpler-recycler-view-adapter:prepareComAndroidSupportSupportFragment2511Library
:simpler-recycler-view-adapter:prepareComAndroidSupportSupportMediaCompat2511Library
:simpler-recycler-view-adapter:prepareComAndroidSupportSupportV42511Library
:simpler-recycler-view-adapter:prepareComAndroidSupportSupportVectorDrawable2511Library
:simpler-recycler-view-adapter:prepareComAndroidSupportTransition2510Library
:simpler-recycler-view-adapter:prepareReleaseDependencies
:simpler-recycler-view-adapter:compileReleaseAidl
:simpler-recycler-view-adapter:compileReleaseNdk UP-TO-DATE
:simpler-recycler-view-adapter:compileLint
:simpler-recycler-view-adapter:copyReleaseLint UP-TO-DATE
:simpler-recycler-view-adapter:compileReleaseRenderscript
:simpler-recycler-view-adapter:generateReleaseBuildConfig
:simpler-recycler-view-adapter:generateReleaseResValues
:simpler-recycler-view-adapter:generateReleaseResources
:simpler-recycler-view-adapter:mergeReleaseResources
:simpler-recycler-view-adapter:processReleaseManifest
:simpler-recycler-view-adapter:processReleaseResources
:simpler-recycler-view-adapter:generateReleaseSources
:simpler-recycler-view-adapter:incrementalReleaseJavaCompilationSafeguard
:simpler-recycler-view-adapter:compileReleaseJavaWithJavac
:simpler-recycler-view-adapter:compileReleaseJavaWithJavac - is not incremental (e.g. outputs have changed, no previous execution, etc.).
Note: /private/var/folders/3k/mymj0cx15f9c3m0kv4gch66h0000gn/T/1486248485201-0/src/SimplerRecyclerViewAdapter-master/simpler-recycler-view-adapter/src/main/java/com/master/simplerrecyclerviewadapter/SimplerRecyclerViewAdapter.java uses unchecked or unsafe operations.
Note: Recompile with -Xlint:unchecked for details.
:simpler-recycler-view-adapter:extractReleaseAnnotations
:simpler-recycler-view-adapter:mergeReleaseShaders
:simpler-recycler-view-adapter:compileReleaseShaders
:simpler-recycler-view-adapter:generateReleaseAssets
:simpler-recycler-view-adapter:mergeReleaseAssets
:simpler-recycler-view-adapter:mergeReleaseProguardFiles
:simpler-recycler-view-adapter:packageReleaseRenderscript UP-TO-DATE
:simpler-recycler-view-adapter:packageReleaseResources
:simpler-recycler-view-adapter:processReleaseJavaRes UP-TO-DATE
:simpler-recycler-view-adapter:transformResourcesWithMergeJavaResForRelease
:simpler-recycler-view-adapter:transformClassesAndResourcesWithSyncLibJarsForRelease
:simpler-recycler-view-adapter:mergeReleaseJniLibFolders
:simpler-recycler-view-adapter:transformNative_libsWithMergeJniLibsForRelease
:simpler-recycler-view-adapter:transformNative_libsWithSyncJniLibsForRelease
:simpler-recycler-view-adapter:bundleRelease
:app:prepareComAndroidSupportAnimatedVectorDrawable2511Library
:app:prepareComAndroidSupportAppcompatV72511Library
:app:prepareComAndroidSupportDesign2510Library
:app:prepareComAndroidSupportRecyclerviewV72510Library
:app:prepareComAndroidSupportSupportCompat2511Library
:app:prepareComAndroidSupportSupportCoreUi2511Library
:app:prepareComAndroidSupportSupportCoreUtils2511Library
:app:prepareComAndroidSupportSupportFragment2511Library
:app:prepareComAndroidSupportSupportMediaCompat2511Library
:app:prepareComAndroidSupportSupportV42511Library
:app:prepareComAndroidSupportSupportVectorDrawable2511Library
:app:prepareComAndroidSupportTransition2510Library
:app:prepareSimplerRecyclerViewAdapterMasterSimplerRecyclerViewAdapterUnspecifiedLibrary
:app:prepareDebugDependencies
:app:compileDebugAidl
:app:compileDebugRenderscript
:app:generateDebugBuildConfig
:app:generateDebugResValues
:app:generateDebugResources
:app:mergeDebugResources
:app:processDebugManifest
:app:processDebugResources
:app:generateDebugSources
:app:incrementalDebugJavaCompilationSafeguard
:app:compileDebugJavaWithJavac
:app:compileDebugJavaWithJavac - is not incremental (e.g. outputs have changed, no previous execution, etc.).
Note: /private/var/folders/3k/mymj0cx15f9c3m0kv4gch66h0000gn/T/1486248485201-0/src/SimplerRecyclerViewAdapter-master/app/src/main/java/com/example/simplerrecyclerviewadapter/MainActivity.java uses unchecked or unsafe operations.
Note: Recompile with -Xlint:unchecked for details.
:app:compileDebugNdk UP-TO-DATE
:app:compileDebugSources
:app:mergeDebugShaders
:app:compileDebugShaders
:app:generateDebugAssets
:app:mergeDebugAssets
:app:transformClassesWithDexForDebug

Running dex as a separate process.

To run dex in process, the Gradle daemon needs a larger heap.
It currently has 1000 MB.
For faster builds, increase the maximum heap size for the Gradle daemon to at least 1536 MB.
To do this set org.gradle.jvmargs=-Xmx1536M in the project gradle.properties.
For more information see https://docs.gradle.org/current/userguide/build_environment.html

:app:mergeDebugJniLibFolders
:app:transformNative_libsWithMergeJniLibsForDebug
:app:transformNative_libsWithStripDebugSymbolForDebug
:app:processDebugJavaRes UP-TO-DATE
:app:transformResourcesWithMergeJavaResForDebug
:app:validateSigningDebug
:app:packageDebug
:app:assembleDebug
:app:checkReleaseManifest
:app:prepareReleaseDependencies
:app:compileReleaseAidl
:app:compileReleaseRenderscript
:app:generateReleaseBuildConfig
:app:generateReleaseResValues
:app:generateReleaseResources
:app:mergeReleaseResources
:app:processReleaseManifest
:app:processReleaseResources
:app:generateReleaseSources
:app:incrementalReleaseJavaCompilationSafeguard
:app:compileReleaseJavaWithJavac
:app:compileReleaseJavaWithJavac - is not incremental (e.g. outputs have changed, no previous execution, etc.).
Note: /private/var/folders/3k/mymj0cx15f9c3m0kv4gch66h0000gn/T/1486248485201-0/src/SimplerRecyclerViewAdapter-master/app/src/main/java/com/example/simplerrecyclerviewadapter/MainActivity.java uses unchecked or unsafe operations.
Note: Recompile with -Xlint:unchecked for details.
:app:compileReleaseNdk UP-TO-DATE
:app:compileReleaseSources
:app:lintVitalRelease
:app:mergeReleaseShaders
:app:compileReleaseShaders
:app:generateReleaseAssets
:app:mergeReleaseAssets
:app:transformClassesWithDexForRelease
:app:mergeReleaseJniLibFolders
:app:transformNative_libsWithMergeJniLibsForRelease
:app:transformNative_libsWithStripDebugSymbolForRelease
:app:processReleaseJavaRes UP-TO-DATE
:app:transformResourcesWithMergeJavaResForRelease
:app:packageRelease
:app:assembleRelease
:app:assemble
:app:lint
Ran lint on variant release: 8 issues found
Ran lint on variant debug: 8 issues found
Wrote HTML report to file:///private/var/folders/3k/mymj0cx15f9c3m0kv4gch66h0000gn/T/1486248485201-0/src/SimplerRecyclerViewAdapter-master/app/build/outputs/lint-results-debug.html
Wrote XML report to file:///private/var/folders/3k/mymj0cx15f9c3m0kv4gch66h0000gn/T/1486248485201-0/src/SimplerRecyclerViewAdapter-master/app/build/outputs/lint-results-debug.xml
:app:incrementalDebugUnitTestJavaCompilationSafeguard UP-TO-DATE
:app:preDebugUnitTestBuild UP-TO-DATE
:app:prepareDebugUnitTestDependencies
:app:compileDebugUnitTestJavaWithJavac
:app:processDebugUnitTestJavaRes UP-TO-DATE
:app:compileDebugUnitTestSources
:app:mockableAndroidJar
:app:assembleDebugUnitTest
:app:testDebugUnitTest
:app:incrementalReleaseUnitTestJavaCompilationSafeguard UP-TO-DATE
:app:preReleaseUnitTestBuild UP-TO-DATE
:app:prepareReleaseUnitTestDependencies
:app:compileReleaseUnitTestJavaWithJavac
:app:processReleaseUnitTestJavaRes UP-TO-DATE
:app:compileReleaseUnitTestSources
:app:assembleReleaseUnitTest
:app:testReleaseUnitTest
:app:test
:app:check
:app:build

BUILD SUCCESSFUL

Total time: 1 mins 21.421 secs

This build could be faster, please consider using the Gradle Daemon: https://docs.gradle.org/2.14.1/userguide/gradle_daemon.html

2017-02-05 04:50:03,920 INFO  FullProcessService - Found APK file: /var/folders/3k/mymj0cx15f9c3m0kv4gch66h0000gn/T/1486248485201-0/src/SimplerRecyclerViewAdapter-master/app/build/outputs/apk/app-debug.apk
