2018-10-09 14:26:52,129 INFO  DownloadService - Downloading "https://github.com/florent37/Depth/archive/master.zip", attempt 3
2018-10-09 14:27:15,989 INFO  DownloadService - Downloaded https://github.com/florent37/Depth/archive/master.zip, attempt 3
2018-10-09 14:27:15,990 INFO  DownloadService - Size of file "/var/folders/bq/vtzpc5ns5sg2cthy61lqpg3dfzgbys/T/1539070012126-0/master.zip": 17 MB
2018-10-09 14:27:15,990 INFO  ArchiveUtils - Checking entries [.gradle] in ZIP file...
2018-10-09 14:27:15,996 INFO  ArchiveUtils - Has entries [.gradle] in ZIP file /var/folders/bq/vtzpc5ns5sg2cthy61lqpg3dfzgbys/T/1539070012126-0/master.zip: true
2018-10-09 14:27:15,996 DEBUG ZipUtil - Extracting '/var/folders/bq/vtzpc5ns5sg2cthy61lqpg3dfzgbys/T/1539070012126-0/master.zip' into '/var/folders/bq/vtzpc5ns5sg2cthy61lqpg3dfzgbys/T/1539070012126-0/src'.
2018-10-09 14:27:16,245 INFO  FullProcessService - Size of directory with sources: 20 MB
2018-10-09 14:27:16,245 INFO  SysUtils - Execute command: [git, init, /var/folders/bq/vtzpc5ns5sg2cthy61lqpg3dfzgbys/T/1539070012126-0/src]
2018-10-09 14:27:16,261 INFO  SysUtils - Initialized empty Git repository in /private/var/folders/bq/vtzpc5ns5sg2cthy61lqpg3dfzgbys/T/1539070012126-0/src/.git/

2018-10-09 14:27:16,269 INFO  ProjectBuildService - Gradle wrapper(s): /var/folders/bq/vtzpc5ns5sg2cthy61lqpg3dfzgbys/T/1539070012126-0/src/Depth-master/gradlew
2018-10-09 14:27:16,277 INFO  ProjectBuildService - Build script(s): /var/folders/bq/vtzpc5ns5sg2cthy61lqpg3dfzgbys/T/1539070012126-0/src/Depth-master/depth/build.gradle /var/folders/bq/vtzpc5ns5sg2cthy61lqpg3dfzgbys/T/1539070012126-0/src/Depth-master/original_app/build.gradle /var/folders/bq/vtzpc5ns5sg2cthy61lqpg3dfzgbys/T/1539070012126-0/src/Depth-master/original_app_modified/build.gradle /var/folders/bq/vtzpc5ns5sg2cthy61lqpg3dfzgbys/T/1539070012126-0/src/Depth-master/original_lib/build.gradle /var/folders/bq/vtzpc5ns5sg2cthy61lqpg3dfzgbys/T/1539070012126-0/src/Depth-master/sample/build.gradle /var/folders/bq/vtzpc5ns5sg2cthy61lqpg3dfzgbys/T/1539070012126-0/src/Depth-master/build.gradle
2018-10-09 14:27:16,285 INFO  ProjectBuildService - All script(s): /var/folders/bq/vtzpc5ns5sg2cthy61lqpg3dfzgbys/T/1539070012126-0/src/Depth-master/original_app_modified/build.gradle /var/folders/bq/vtzpc5ns5sg2cthy61lqpg3dfzgbys/T/1539070012126-0/src/Depth-master/depth/build.gradle /var/folders/bq/vtzpc5ns5sg2cthy61lqpg3dfzgbys/T/1539070012126-0/src/Depth-master/original_lib/build.gradle /var/folders/bq/vtzpc5ns5sg2cthy61lqpg3dfzgbys/T/1539070012126-0/src/Depth-master/gradle/install-v1.gradle /var/folders/bq/vtzpc5ns5sg2cthy61lqpg3dfzgbys/T/1539070012126-0/src/Depth-master/gradle/bintray-java-v1.gradle /var/folders/bq/vtzpc5ns5sg2cthy61lqpg3dfzgbys/T/1539070012126-0/src/Depth-master/gradle/bintray-android-v1.gradle /var/folders/bq/vtzpc5ns5sg2cthy61lqpg3dfzgbys/T/1539070012126-0/src/Depth-master/build.gradle /var/folders/bq/vtzpc5ns5sg2cthy61lqpg3dfzgbys/T/1539070012126-0/src/Depth-master/sample/build.gradle /var/folders/bq/vtzpc5ns5sg2cthy61lqpg3dfzgbys/T/1539070012126-0/src/Depth-master/settings.gradle /var/folders/bq/vtzpc5ns5sg2cthy61lqpg3dfzgbys/T/1539070012126-0/src/Depth-master/original_app/build.gradle
2018-10-09 14:27:16,286 INFO  ProjectBuildService - Remote scripts: none
2018-10-09 14:27:16,286 INFO  ProjectFixService - Fixing project...
2018-10-09 14:27:16,304 INFO  LocalPropertiesFixService - Created fake /var/folders/bq/vtzpc5ns5sg2cthy61lqpg3dfzgbys/T/1539070012126-0/src/Depth-master/depth/local.properties
2018-10-09 14:27:16,304 INFO  ProjectFixService - Build info for "/var/folders/bq/vtzpc5ns5sg2cthy61lqpg3dfzgbys/T/1539070012126-0/src/Depth-master/depth/build.gradle": [buildToolsVersion=25.0.0,compileSdkVersion=25,minSdkVersion=21,targetSdkVersion=25]
2018-10-09 14:27:16,305 INFO  LocalPropertiesFixService - Created fake /var/folders/bq/vtzpc5ns5sg2cthy61lqpg3dfzgbys/T/1539070012126-0/src/Depth-master/original_app/local.properties
2018-10-09 14:27:16,305 INFO  ProjectFixService - Build info for "/var/folders/bq/vtzpc5ns5sg2cthy61lqpg3dfzgbys/T/1539070012126-0/src/Depth-master/original_app/build.gradle": [buildToolsVersion=25.0.0,compileSdkVersion=25,minSdkVersion=21,targetSdkVersion=25]
2018-10-09 14:27:16,305 INFO  LocalPropertiesFixService - Created fake /var/folders/bq/vtzpc5ns5sg2cthy61lqpg3dfzgbys/T/1539070012126-0/src/Depth-master/original_app_modified/local.properties
2018-10-09 14:27:16,306 INFO  ProjectFixService - Build info for "/var/folders/bq/vtzpc5ns5sg2cthy61lqpg3dfzgbys/T/1539070012126-0/src/Depth-master/original_app_modified/build.gradle": [buildToolsVersion=25.0.0,compileSdkVersion=25,minSdkVersion=21,targetSdkVersion=25]
2018-10-09 14:27:16,306 INFO  LocalPropertiesFixService - Created fake /var/folders/bq/vtzpc5ns5sg2cthy61lqpg3dfzgbys/T/1539070012126-0/src/Depth-master/original_lib/local.properties
2018-10-09 14:27:16,306 INFO  ProjectFixService - Build info for "/var/folders/bq/vtzpc5ns5sg2cthy61lqpg3dfzgbys/T/1539070012126-0/src/Depth-master/original_lib/build.gradle": [buildToolsVersion=25.0.0,compileSdkVersion=25,minSdkVersion=21,targetSdkVersion=25]
2018-10-09 14:27:16,307 INFO  LocalPropertiesFixService - Created fake /var/folders/bq/vtzpc5ns5sg2cthy61lqpg3dfzgbys/T/1539070012126-0/src/Depth-master/sample/local.properties
2018-10-09 14:27:16,307 INFO  ProjectFixService - Build info for "/var/folders/bq/vtzpc5ns5sg2cthy61lqpg3dfzgbys/T/1539070012126-0/src/Depth-master/sample/build.gradle": [buildToolsVersion=25.0.0,compileSdkVersion=25,minSdkVersion=21,targetSdkVersion=25]
2018-10-09 14:27:16,308 INFO  LocalPropertiesFixService - Created fake /var/folders/bq/vtzpc5ns5sg2cthy61lqpg3dfzgbys/T/1539070012126-0/src/Depth-master/local.properties
2018-10-09 14:27:16,308 INFO  WrapperPropertiesFixService - Gradle wrapper: https://services.gradle.org/distributions/gradle-4.1-all.zip
2018-10-09 14:27:16,309 INFO  WrapperPropertiesFixService - Gradle wrapper was changed from "-all.zip" to "-bin.zip" (https://services.gradle.org/distributions/gradle-4.1-bin.zip)
2018-10-09 14:27:16,309 INFO  ProjectFixService - Build info for "/var/folders/bq/vtzpc5ns5sg2cthy61lqpg3dfzgbys/T/1539070012126-0/src/Depth-master/build.gradle": [buildToolsVersion=25.0.0,compileSdkVersion=25,minSdkVersion=14,targetSdkVersion=25]
2018-10-09 14:27:16,309 INFO  ProjectFixService - Project was maybe fixed
2018-10-09 14:27:16,309 INFO  ProjectTaskService - Detecting possible tasks...
2018-10-09 14:27:16,309 INFO  SysUtils - Execute command: [/var/folders/bq/vtzpc5ns5sg2cthy61lqpg3dfzgbys/T/1539070012126-0/src/Depth-master/gradlew, -b, /var/folders/bq/vtzpc5ns5sg2cthy61lqpg3dfzgbys/T/1539070012126-0/src/Depth-master/depth/build.gradle, -Dorg.gradle.daemon=false, -Dorg.gradle.daemon.performance.enable-monitoring=false, -Dorg.gradle.configureondemand=true, tasks]
2018-10-09 14:27:16,971 ERROR ProjectTaskService - Could not detect possible Gradle tasks: Process exited with an error: 1 (Exit value: 1)
2018-10-09 14:27:16,971 INFO  ProjectTaskService - Detected possible tasks: 0
2018-10-09 14:27:16,971 INFO  ProjectTaskService - Excluded tasks (0): none
2018-10-09 14:27:16,972 INFO  SysUtils - Execute command: [/var/folders/bq/vtzpc5ns5sg2cthy61lqpg3dfzgbys/T/1539070012126-0/src/Depth-master/gradlew, -b, /var/folders/bq/vtzpc5ns5sg2cthy61lqpg3dfzgbys/T/1539070012126-0/src/Depth-master/depth/build.gradle, -Dorg.gradle.daemon=false, -Dorg.gradle.daemon.performance.enable-monitoring=false, -Dorg.gradle.configureondemand=true, --stacktrace, build]
2018-10-09 14:27:17,466 ERROR SysUtils - Could not process external command
org.apache.commons.exec.ExecuteException: Process exited with an error: 1 (Exit value: 1)
	at org.apache.commons.exec.DefaultExecutor.executeInternal(DefaultExecutor.java:404)
	at org.apache.commons.exec.DefaultExecutor.execute(DefaultExecutor.java:166)
	at com.github.vbauer.apkmaster.util.SysUtils.execute(SysUtils.java:67)
	at com.github.vbauer.apkmaster.util.SysUtils.executeSimple(SysUtils.java:43)
	at com.github.vbauer.apkmaster.service.assembly.ProjectBuildService.buildProject(ProjectBuildService.java:78)
	at com.github.vbauer.apkmaster.service.assembly.ProjectBuildService.buildProject(ProjectBuildService.java:64)
	at com.github.vbauer.apkmaster.service.assembly.ProjectBuildService.buildProject(ProjectBuildService.java:43)
	at com.github.vbauer.apkmaster.service.FullProcessService.build(FullProcessService.java:84)
	at com.github.vbauer.apkmaster.service.FullProcessService.process(FullProcessService.java:34)
	at com.github.vbauer.apkmaster.app.MainApplication.process(MainApplication.java:38)
	at com.github.vbauer.apkmaster.app.MainApplication.main(MainApplication.java:20)
	at jdk.internal.reflect.GeneratedMethodAccessor9.invoke(Unknown Source)
	at java.base/jdk.internal.reflect.DelegatingMethodAccessorImpl.invoke(DelegatingMethodAccessorImpl.java:43)
	at java.base/java.lang.reflect.Method.invoke(Method.java:566)
	at com.android.arsenal.util.ReflectionUtils.invoke(ReflectionUtils.java:52)
	at com.android.arsenal.util.ApkMasterUtils.main(ApkMasterUtils.java:30)
	at com.android.arsenal.service.processor.impl.BuildProcessorServiceImpl.buildProject(BuildProcessorServiceImpl.java:196)
	at com.android.arsenal.service.processor.impl.BuildProcessorServiceImpl.build(BuildProcessorServiceImpl.java:130)
	at com.android.arsenal.service.processor.impl.BuildProcessorServiceImpl.lambda$null$1(BuildProcessorServiceImpl.java:113)
	at java.base/java.util.concurrent.FutureTask.run(FutureTask.java:264)
	at java.base/java.util.concurrent.Executors$RunnableAdapter.call(Executors.java:515)
	at java.base/java.util.concurrent.FutureTask.run(FutureTask.java:264)
	at java.base/java.util.concurrent.ThreadPoolExecutor.runWorker(ThreadPoolExecutor.java:1128)
	at java.base/java.util.concurrent.ThreadPoolExecutor$Worker.run(ThreadPoolExecutor.java:628)
	at java.base/java.lang.Thread.run(Thread.java:834)
2018-10-09 14:27:17,466 INFO  SysUtils - 
FAILURE: Build failed with an exception.

* What went wrong:
Could not determine java version from '11'.

* Try:
Run with --info or --debug option to get more log output.

* Exception is:
java.lang.IllegalArgumentException: Could not determine java version from '11'.
	at org.gradle.api.JavaVersion.toVersion(JavaVersion.java:72)
	at org.gradle.api.JavaVersion.current(JavaVersion.java:82)
	at org.gradle.internal.jvm.UnsupportedJavaRuntimeException.assertUsingVersion(UnsupportedJavaRuntimeException.java:29)
	at org.gradle.launcher.cli.JavaRuntimeValidationAction.execute(JavaRuntimeValidationAction.java:32)
	at org.gradle.launcher.cli.JavaRuntimeValidationAction.execute(JavaRuntimeValidationAction.java:24)
	at org.gradle.launcher.cli.ExceptionReportingAction.execute(ExceptionReportingAction.java:33)
	at org.gradle.launcher.cli.ExceptionReportingAction.execute(ExceptionReportingAction.java:22)
	at org.gradle.launcher.cli.CommandLineActionFactory$WithLogging.execute(CommandLineActionFactory.java:253)
	at org.gradle.launcher.cli.CommandLineActionFactory$WithLogging.execute(CommandLineActionFactory.java:182)
	at org.gradle.launcher.Main.doAction(Main.java:33)
	at org.gradle.launcher.bootstrap.EntryPoint.run(EntryPoint.java:45)
	at java.base/jdk.internal.reflect.NativeMethodAccessorImpl.invoke0(Native Method)
	at java.base/jdk.internal.reflect.NativeMethodAccessorImpl.invoke(NativeMethodAccessorImpl.java:62)
	at java.base/jdk.internal.reflect.DelegatingMethodAccessorImpl.invoke(DelegatingMethodAccessorImpl.java:43)
	at java.base/java.lang.reflect.Method.invoke(Method.java:566)
	at org.gradle.launcher.bootstrap.ProcessBootstrap.runNoExit(ProcessBootstrap.java:60)
	at org.gradle.launcher.bootstrap.ProcessBootstrap.run(ProcessBootstrap.java:37)
	at org.gradle.launcher.GradleMain.main(GradleMain.java:23)
	at java.base/jdk.internal.reflect.NativeMethodAccessorImpl.invoke0(Native Method)
	at java.base/jdk.internal.reflect.NativeMethodAccessorImpl.invoke(NativeMethodAccessorImpl.java:62)
	at java.base/jdk.internal.reflect.DelegatingMethodAccessorImpl.invoke(DelegatingMethodAccessorImpl.java:43)
	at java.base/java.lang.reflect.Method.invoke(Method.java:566)
	at org.gradle.wrapper.BootstrapMainStarter.start(BootstrapMainStarter.java:33)
	at org.gradle.wrapper.WrapperExecutor.execute(WrapperExecutor.java:130)
	at org.gradle.wrapper.GradleWrapperMain.main(GradleWrapperMain.java:48)


* Get more help at https://help.gradle.org

2018-10-09 14:27:17,476 INFO  FullProcessService - Found APK file: /var/folders/bq/vtzpc5ns5sg2cthy61lqpg3dfzgbys/T/1539070012126-0/src/Depth-master/sample-debug.apk
